<?xml version="1.0" encoding="UTF-8"?>
<!-- Generated by org.testng.reporters.JUnitXMLReporter -->
<testsuite ignored="0" hostname="DESKTOP-34SBLB0" failures="0" tests="3" name="Open Cart Registration Page Test" time="21.538" errors="0" timestamp="13 Jun 2023 06:52:54 GMT">
  <testcase classname="com.qa.opencart.tests.RegistrationPageTest" name="userRegistrationTest" time="3.487"/>
  <testcase classname="com.qa.opencart.tests.RegistrationPageTest" name="userRegistrationTest" time="3.754"/>
  <testcase classname="com.qa.opencart.tests.RegistrationPageTest" name="userRegistrationTest" time="4.04"/>
</testsuite> <!-- Open Cart Registration Page Test -->
