<?xml version="1.0" encoding="UTF-8"?>
<!-- Generated by org.testng.reporters.JUnitXMLReporter -->
<testsuite ignored="0" hostname="DESKTOP-34SBLB0" failures="0" tests="5" name="Open Cart Login Page Test" time="15.072" errors="0" timestamp="13 Jun 2023 06:52:04 GMT">
  <testcase classname="com.qa.opencart.tests.LoginPageTest" name="loginPageTitleTest" time="0.222"/>
  <testcase classname="com.qa.opencart.tests.LoginPageTest" name="loginPageUrlTest" time="0.017"/>
  <testcase classname="com.qa.opencart.tests.LoginPageTest" name="forgotPasswordLinkTest" time="0.087"/>
  <testcase classname="com.qa.opencart.tests.LoginPageTest" name="isRegisterLinkExistTest" time="0.076"/>
  <testcase classname="com.qa.opencart.tests.LoginPageTest" name="doLoginTest" time="1.091"/>
</testsuite> <!-- Open Cart Login Page Test -->
