<?xml version="1.0" encoding="UTF-8"?>
<!-- Generated by org.testng.reporters.JUnitXMLReporter -->
<testsuite ignored="0" hostname="DESKTOP-O7CQHM7" failures="0" tests="10" name="Default test" time="72.646" errors="0" timestamp="25 May 2023 05:35:29 GMT">
  <testcase classname="com.qa.opencart.tests.AccountsPageTest" name="accPageTitleTest" time="0.101"/>
  <testcase classname="com.qa.opencart.tests.AccountsPageTest" name="accPageHeaderTest" time="0.096"/>
  <testcase classname="com.qa.opencart.tests.AccountsPageTest" name="isLogoutLinkExist" time="0.084"/>
  <testcase classname="com.qa.opencart.tests.AccountsPageTest" name="accountPageSectionsTest" time="0.228"/>
  <testcase classname="com.qa.opencart.tests.AccountsPageTest" name="searchTest" time="1.371"/>
  <testcase classname="com.qa.opencart.tests.AccountsPageTest" name="searchTest" time="1.075"/>
  <testcase classname="com.qa.opencart.tests.AccountsPageTest" name="searchTest" time="1.522"/>
  <testcase classname="com.qa.opencart.tests.AccountsPageTest" name="selectProductTest" time="4.042"/>
  <testcase classname="com.qa.opencart.tests.AccountsPageTest" name="selectProductTest" time="1.591"/>
  <testcase classname="com.qa.opencart.tests.AccountsPageTest" name="selectProductTest" time="1.302"/>
</testsuite> <!-- Default test -->
