<?xml version="1.0" encoding="UTF-8"?>
<!-- Generated by org.testng.reporters.JUnitXMLReporter -->
<testsuite ignored="0" hostname="DESKTOP-34SBLB0" failures="0" tests="10" name="Default test" time="28.809" errors="0" timestamp="2023-06-12T13:43:07 IST">
  <testcase classname="com.qa.opencart.tests.AccountsPageTest" name="accPageTitleTest" time="0.123"/>
  <testcase classname="com.qa.opencart.tests.AccountsPageTest" name="accPageHeaderTest" time="0.094"/>
  <testcase classname="com.qa.opencart.tests.AccountsPageTest" name="isLogoutLinkExist" time="0.084"/>
  <testcase classname="com.qa.opencart.tests.AccountsPageTest" name="accountPageSectionsTest" time="0.208"/>
  <testcase classname="com.qa.opencart.tests.AccountsPageTest" name="searchTest" time="1.081"/>
  <testcase classname="com.qa.opencart.tests.AccountsPageTest" name="searchTest" time="0.831"/>
  <testcase classname="com.qa.opencart.tests.AccountsPageTest" name="searchTest" time="0.756"/>
  <testcase classname="com.qa.opencart.tests.AccountsPageTest" name="selectProductTest" time="2.281"/>
  <testcase classname="com.qa.opencart.tests.AccountsPageTest" name="selectProductTest" time="1.512"/>
  <testcase classname="com.qa.opencart.tests.AccountsPageTest" name="selectProductTest" time="2.173"/>
</testsuite> <!-- Default test -->
